<?xml version="1.0" encoding="UTF-8"?>
<!-- Generated by org.testng.reporters.JUnitXMLReporter -->
<testsuite hostname="Shraddha" ignored="0" tests="3" failures="1" timestamp="2022-02-07T15:28:04 IST" time="10.421" errors="0">
  <testcase name="deleteBook" time="1.016" classname="DeleteMethodTest"/>
  <testcase name="UpdateRecords" time="1.856" classname="PutMethodTest">
    <failure type="java.lang.AssertionError" message="expected [200] but found [429]">
      <![CDATA[java.lang.AssertionError: expected [200] but found [429]
at PutMethodTest.UpdateRecords(PutMethodTest.java:28)
at java.util.ArrayList.forEach(ArrayList.java:1259)
... Removed 38 stack frames]]>
    </failure>
  </testcase> <!-- UpdateRecords -->
  <testcase name="GetWeatherDetails" time="2.106" classname="SimpleGetTest"/>
</testsuite>
