<?xml version="1.0" encoding="UTF-8"?>
<testng-results ignored="0" total="1" passed="1" failed="0" skipped="0">
  <reporter-output>
  </reporter-output>
  <suite started-at="2022-02-06T17:01:14 IST" name="Default suite" finished-at="2022-02-06T17:01:19 IST" duration-ms="4547">
    <groups>
    </groups>
    <test started-at="2022-02-06T17:01:14 IST" name="Default test" finished-at="2022-02-06T17:01:19 IST" duration-ms="4547">
      <class name="SimpleGetTest">
        <test-method signature="GetWeatherDetails()[pri:0, instance:SimpleGetTest@6d4e5011]" started-at="2022-02-06T17:01:14 IST" name="GetWeatherDetails" finished-at="2022-02-06T17:01:19 IST" duration-ms="4474" status="PASS">
          <reporter-output>
          </reporter-output>
        </test-method> <!-- GetWeatherDetails -->
      </class> <!-- SimpleGetTest -->
    </test> <!-- Default test -->
  </suite> <!-- Default suite -->
</testng-results>
